<?xml version="1.0" encoding="UTF-8"?>
<beans xmlns="http://www.springframework.org/schema/beans"
       xmlns:xsi="http://www.w3.org/2001/XMLSchema-instance"
       xsi:schemaLocation="http://www.springframework.org/schema/beans http://www.springframework.org/schema/beans/spring-beans-3.0.xsd"
       default-autowire="constructor">
    <!--<import resource="classpath*:META-INF/spring-server-async-trigger.xml"/>-->

    <!--&lt;!&ndash; entry points &ndash;&gt;-->
    <!--<bean class="com.mjrichardson.teamCity.buildTriggers.DeploymentComplete.DeploymentCompleteBuildTriggerService"/>-->
    <!--<bean class="com.mjrichardson.teamCity.buildTriggers.ReleaseCreated.ReleaseCreatedBuildTriggerService"/>-->
    <!--<bean class="com.mjrichardson.teamCity.buildTriggers.MachineAdded.MachineAddedBuildTriggerService"/>-->
    <!--<bean class="com.mjrichardson.teamCity.buildTriggers.DeploymentProcessChanged.DeploymentProcessChangedBuildTriggerService"/>-->
    <!--<bean class="com.mjrichardson.teamCity.buildTriggers.ProjectsController" init-method="register" />-->
    <!--&lt;!&ndash;<bean class="com.mjrichardson.teamCity.buildTriggers.MetricsController" init-method="register" />&ndash;&gt;-->

    <!--&lt;!&ndash; injected objects &ndash;&gt;-->
    <!--<bean class="com.mjrichardson.teamCity.buildTriggers.AnalyticsTrackerImpl" scope="singleton" />-->
    <!--<bean class="com.mjrichardson.teamCity.buildTriggers.CustomAsyncBuildTriggerFactoryImpl" />-->
    <!--<bean id="objectMapper" class="com.fasterxml.jackson.databind.ObjectMapper"/>-->
    <!--<bean id="metricRegistry" class="com.codahale.metrics.MetricRegistry" scope="singleton" />-->
    <!--<bean class="com.mjrichardson.teamCity.buildTriggers.CacheManagerImpl" scope="singleton" />-->
    <!--<bean class="com.mjrichardson.teamCity.buildTriggers.UpdateChecker" scope="singleton" />-->
    <!--<bean class="com.mjrichardson.teamCity.buildTriggers.BuildTriggerProperties" scope="singleton" />-->

    <!--
    <bean class="jetbrains.buildServer.serverSide.impl.executors.SimpleExecutorServices" />
        <bean class="com.mjrichardson.teamCity.buildTriggers.Fakes.FakePluginDescriptor"/>
        <bean class="com.mjrichardson.teamCity.buildTriggers.Fakes.FakeServiceLocator"/>
        <bean class="jetbrains.buildServer.serverSide.impl.BuildServerImpl" />
    <bean class="jetbrains.buildServer.serverSide.impl.BuildServerShutdownFlagImpl" />
    <bean class="jetbrains.buildServer.serverSide.ServerPaths" />
    -->
    <!--
        <bean class="jetbrains.buildServer.serverSide.impl.beans.BuildTypeContextsImpl" />
        <bean class="jetbrains.buildServer.serverSide.AgentDistributionMonitorAware" />
    -->
</beans>
